# JRE version: Java(TM) SE Runtime Environment (14.0.1+7) (build 14.0.1+7)
# Java VM: Java HotSpot(TM) 64-Bit Server VM (14.0.1+7, mixed mode, sharing, tiered, compressed oops, g1 gc, windows-amd64)
Heap:
 garbage-first heap   total 68608K, used 42366K [0x000000070a000000, 0x0000000800000000)
  region size 1024K, 10 young (10240K), 1 survivors (1024K)
 Metaspace       used 58643K, capacity 60267K, committed 60332K, reserved 1101824K
  class space    used 7274K, capacity 7890K, committed 7936K, reserved 1048576K
GC Heap History (20 events):
Event: 198.114 GC heap before
{Heap before GC invocations=85 (full 0):
 garbage-first heap   total 66560K, used 40370K [0x000000070a000000, 0x0000000800000000)
  region size 1024K, 9 young (9216K), 2 survivors (2048K)
 Metaspace       used 58225K, capacity 59684K, committed 59948K, reserved 1101824K
  class space    used 7221K, capacity 7781K, committed 7808K, reserved 1048576K
}
Event: 198.116 GC heap after
{Heap after GC invocations=86 (full 0):
 garbage-first heap   total 66560K, used 34373K [0x000000070a000000, 0x0000000800000000)
  region size 1024K, 2 young (2048K), 2 survivors (2048K)
 Metaspace       used 58225K, capacity 59684K, committed 59948K, reserved 1101824K
  class space    used 7221K, capacity 7781K, committed 7808K, reserved 1048576K
}
Event: 198.396 GC heap before
{Heap before GC invocations=87 (full 0):
 garbage-first heap   total 66560K, used 40517K [0x000000070a000000, 0x0000000800000000)
  region size 1024K, 9 young (9216K), 2 survivors (2048K)
 Metaspace       used 58225K, capacity 59684K, committed 59948K, reserved 1101824K
  class space    used 7221K, capacity 7781K, committed 7808K, reserved 1048576K
}
Event: 198.398 GC heap after
{Heap after GC invocations=88 (full 0):
 garbage-first heap   total 66560K, used 34200K [0x000000070a000000, 0x0000000800000000)
  region size 1024K, 2 young (2048K), 2 survivors (2048K)
 Metaspace       used 58225K, capacity 59684K, committed 59948K, reserved 1101824K
  class space    used 7221K, capacity 7781K, committed 7808K, reserved 1048576K
}
Event: 198.781 GC heap before
{Heap before GC invocations=89 (full 0):
 garbage-first heap   total 66560K, used 39320K [0x000000070a000000, 0x0000000800000000)
  region size 1024K, 8 young (8192K), 2 survivors (2048K)
 Metaspace       used 58225K, capacity 59684K, committed 59948K, reserved 1101824K
  class space    used 7221K, capacity 7781K, committed 7808K, reserved 1048576K
}
Event: 198.782 GC heap after
{Heap after GC invocations=90 (full 0):
 garbage-first heap   total 66560K, used 34185K [0x000000070a000000, 0x0000000800000000)
  region size 1024K, 2 young (2048K), 2 survivors (2048K)
 Metaspace       used 58225K, capacity 59684K, committed 59948K, reserved 1101824K
  class space    used 7221K, capacity 7781K, committed 7808K, reserved 1048576K
}
Event: 199.129 GC heap before
{Heap before GC invocations=91 (full 0):
 garbage-first heap   total 66560K, used 40329K [0x000000070a000000, 0x0000000800000000)
  region size 1024K, 9 young (9216K), 2 survivors (2048K)
 Metaspace       used 58225K, capacity 59684K, committed 59948K, reserved 1101824K
  class space    used 7221K, capacity 7781K, committed 7808K, reserved 1048576K
}
Event: 199.130 GC heap after
{Heap after GC invocations=92 (full 0):
 garbage-first heap   total 66560K, used 34284K [0x000000070a000000, 0x0000000800000000)
  region size 1024K, 2 young (2048K), 2 survivors (2048K)
 Metaspace       used 58225K, capacity 59684K, committed 59948K, reserved 1101824K
  class space    used 7221K, capacity 7781K, committed 7808K, reserved 1048576K
}
Event: 199.217 GC heap before
{Heap before GC invocations=93 (full 0):
 garbage-first heap   total 66560K, used 37356K [0x000000070a000000, 0x0000000800000000)
  region size 1024K, 6 young (6144K), 2 survivors (2048K)
 Metaspace       used 58241K, capacity 59751K, committed 59948K, reserved 1101824K
  class space    used 7223K, capacity 7782K, committed 7808K, reserved 1048576K
}
Event: 199.219 GC heap after
{Heap after GC invocations=94 (full 0):
 garbage-first heap   total 66560K, used 34820K [0x000000070a000000, 0x0000000800000000)
  region size 1024K, 2 young (2048K), 2 survivors (2048K)
 Metaspace       used 58241K, capacity 59751K, committed 59948K, reserved 1101824K
  class space    used 7223K, capacity 7782K, committed 7808K, reserved 1048576K
}
Event: 199.737 GC heap before
{Heap before GC invocations=95 (full 0):
 garbage-first heap   total 66560K, used 38916K [0x000000070a000000, 0x0000000800000000)
  region size 1024K, 6 young (6144K), 2 survivors (2048K)
 Metaspace       used 58336K, capacity 59890K, committed 59948K, reserved 1101824K
  class space    used 7234K, capacity 7786K, committed 7808K, reserved 1048576K
}
Event: 199.738 GC heap after
{Heap after GC invocations=96 (full 0):
 garbage-first heap   total 66560K, used 36246K [0x000000070a000000, 0x0000000800000000)
  region size 1024K, 1 young (1024K), 1 survivors (1024K)
 Metaspace       used 58336K, capacity 59890K, committed 59948K, reserved 1101824K
  class space    used 7234K, capacity 7786K, committed 7808K, reserved 1048576K
}
Event: 200.739 GC heap before
{Heap before GC invocations=97 (full 0):
 garbage-first heap   total 68608K, used 58774K [0x000000070a000000, 0x0000000800000000)
  region size 1024K, 20 young (20480K), 1 survivors (1024K)
 Metaspace       used 58336K, capacity 59890K, committed 59948K, reserved 1101824K
  class space    used 7234K, capacity 7786K, committed 7808K, reserved 1048576K
}
Event: 200.740 GC heap after
{Heap after GC invocations=98 (full 0):
 garbage-first heap   total 68608K, used 36282K [0x000000070a000000, 0x0000000800000000)
  region size 1024K, 1 young (1024K), 1 survivors (1024K)
 Metaspace       used 58336K, capacity 59890K, committed 59948K, reserved 1101824K
  class space    used 7234K, capacity 7786K, committed 7808K, reserved 1048576K
}
Event: 201.038 GC heap before
{Heap before GC invocations=98 (full 0):
 garbage-first heap   total 68608K, used 37306K [0x000000070a000000, 0x0000000800000000)
  region size 1024K, 3 young (3072K), 1 survivors (1024K)
 Metaspace       used 58336K, capacity 59890K, committed 59948K, reserved 1101824K
  class space    used 7234K, capacity 7786K, committed 7808K, reserved 1048576K
}
Event: 201.041 GC heap after
{Heap after GC invocations=99 (full 0):
 garbage-first heap   total 68608K, used 33746K [0x000000070a000000, 0x0000000800000000)
  region size 1024K, 1 young (1024K), 1 survivors (1024K)
 Metaspace       used 58336K, capacity 59890K, committed 59948K, reserved 1101824K
  class space    used 7234K, capacity 7786K, committed 7808K, reserved 1048576K
}
Event: 201.048 GC heap before
{Heap before GC invocations=99 (full 0):
 garbage-first heap   total 68608K, used 34770K [0x000000070a000000, 0x0000000800000000)
  region size 1024K, 3 young (3072K), 1 survivors (1024K)
 Metaspace       used 58336K, capacity 59890K, committed 59948K, reserved 1101824K
  class space    used 7234K, capacity 7786K, committed 7808K, reserved 1048576K
}
Event: 201.049 GC heap after
{Heap after GC invocations=100 (full 0):
 garbage-first heap   total 68608K, used 34132K [0x000000070a000000, 0x0000000800000000)
  region size 1024K, 1 young (1024K), 1 survivors (1024K)
 Metaspace       used 58336K, capacity 59890K, committed 59948K, reserved 1101824K
  class space    used 7234K, capacity 7786K, committed 7808K, reserved 1048576K
}
Event: 201.425 GC heap before
{Heap before GC invocations=101 (full 0):
 garbage-first heap   total 68608K, used 39252K [0x000000070a000000, 0x0000000800000000)
  region size 1024K, 7 young (7168K), 1 survivors (1024K)
 Metaspace       used 58346K, capacity 59928K, committed 60076K, reserved 1101824K
  class space    used 7236K, capacity 7820K, committed 7936K, reserved 1048576K
}
Event: 201.427 GC heap after
{Heap after GC invocations=102 (full 0):
 garbage-first heap   total 68608K, used 34174K [0x000000070a000000, 0x0000000800000000)
  region size 1024K, 1 young (1024K), 1 survivors (1024K)
 Metaspace       used 58346K, capacity 59928K, committed 60076K, reserved 1101824K
  class space    used 7236K, capacity 7820K, committed 7936K, reserved 1048576K
}

