# JRE version: Java(TM) SE Runtime Environment (14.0.1+7) (build 14.0.1+7)
# Java VM: Java HotSpot(TM) 64-Bit Server VM (14.0.1+7, mixed mode, sharing, tiered, compressed oops, g1 gc, windows-amd64)
Heap:
 garbage-first heap   total 65536K, used 36765K [0x000000070a000000, 0x0000000800000000)
  region size 1024K, 7 young (7168K), 2 survivors (2048K)
 Metaspace       used 52458K, capacity 53979K, committed 54060K, reserved 1095680K
  class space    used 6711K, capacity 7270K, committed 7296K, reserved 1048576K
GC Heap History (20 events):
Event: 118.575 GC heap before
{Heap before GC invocations=69 (full 0):
 garbage-first heap   total 61440K, used 36916K [0x000000070a000000, 0x0000000800000000)
  region size 1024K, 7 young (7168K), 1 survivors (1024K)
 Metaspace       used 51986K, capacity 53455K, committed 53548K, reserved 1095680K
  class space    used 6652K, capacity 7223K, committed 7296K, reserved 1048576K
}
Event: 118.577 GC heap after
{Heap after GC invocations=70 (full 0):
 garbage-first heap   total 61440K, used 31603K [0x000000070a000000, 0x0000000800000000)
  region size 1024K, 1 young (1024K), 1 survivors (1024K)
 Metaspace       used 51986K, capacity 53455K, committed 53548K, reserved 1095680K
  class space    used 6652K, capacity 7223K, committed 7296K, reserved 1048576K
}
Event: 118.900 GC heap before
{Heap before GC invocations=71 (full 0):
 garbage-first heap   total 61440K, used 36723K [0x000000070a000000, 0x0000000800000000)
  region size 1024K, 7 young (7168K), 1 survivors (1024K)
 Metaspace       used 51986K, capacity 53455K, committed 53548K, reserved 1095680K
  class space    used 6652K, capacity 7223K, committed 7296K, reserved 1048576K
}
Event: 118.901 GC heap after
{Heap after GC invocations=72 (full 0):
 garbage-first heap   total 61440K, used 31594K [0x000000070a000000, 0x0000000800000000)
  region size 1024K, 1 young (1024K), 1 survivors (1024K)
 Metaspace       used 51986K, capacity 53455K, committed 53548K, reserved 1095680K
  class space    used 6652K, capacity 7223K, committed 7296K, reserved 1048576K
}
Event: 119.180 GC heap before
{Heap before GC invocations=73 (full 0):
 garbage-first heap   total 61440K, used 37738K [0x000000070a000000, 0x0000000800000000)
  region size 1024K, 8 young (8192K), 1 survivors (1024K)
 Metaspace       used 51986K, capacity 53455K, committed 53548K, reserved 1095680K
  class space    used 6652K, capacity 7223K, committed 7296K, reserved 1048576K
}
Event: 119.181 GC heap after
{Heap after GC invocations=74 (full 0):
 garbage-first heap   total 61440K, used 31798K [0x000000070a000000, 0x0000000800000000)
  region size 1024K, 1 young (1024K), 1 survivors (1024K)
 Metaspace       used 51986K, capacity 53455K, committed 53548K, reserved 1095680K
  class space    used 6652K, capacity 7223K, committed 7296K, reserved 1048576K
}
Event: 120.167 GC heap before
{Heap before GC invocations=75 (full 0):
 garbage-first heap   total 61440K, used 56374K [0x000000070a000000, 0x0000000800000000)
  region size 1024K, 20 young (20480K), 1 survivors (1024K)
 Metaspace       used 52079K, capacity 53533K, committed 53804K, reserved 1095680K
  class space    used 6662K, capacity 7228K, committed 7296K, reserved 1048576K
}
Event: 120.168 GC heap after
{Heap after GC invocations=76 (full 0):
 garbage-first heap   total 61440K, used 33323K [0x000000070a000000, 0x0000000800000000)
  region size 1024K, 1 young (1024K), 1 survivors (1024K)
 Metaspace       used 52079K, capacity 53533K, committed 53804K, reserved 1095680K
  class space    used 6662K, capacity 7228K, committed 7296K, reserved 1048576K
}
Event: 120.519 GC heap before
{Heap before GC invocations=76 (full 0):
 garbage-first heap   total 61440K, used 34347K [0x000000070a000000, 0x0000000800000000)
  region size 1024K, 3 young (3072K), 1 survivors (1024K)
 Metaspace       used 52079K, capacity 53533K, committed 53804K, reserved 1095680K
  class space    used 6662K, capacity 7228K, committed 7296K, reserved 1048576K
}
Event: 120.522 GC heap after
{Heap after GC invocations=77 (full 0):
 garbage-first heap   total 61440K, used 31552K [0x000000070a000000, 0x0000000800000000)
  region size 1024K, 1 young (1024K), 1 survivors (1024K)
 Metaspace       used 52079K, capacity 53533K, committed 53804K, reserved 1095680K
  class space    used 6662K, capacity 7228K, committed 7296K, reserved 1048576K
}
Event: 120.531 GC heap before
{Heap before GC invocations=77 (full 0):
 garbage-first heap   total 61440K, used 32576K [0x000000070a000000, 0x0000000800000000)
  region size 1024K, 4 young (4096K), 1 survivors (1024K)
 Metaspace       used 52079K, capacity 53533K, committed 53804K, reserved 1095680K
  class space    used 6662K, capacity 7228K, committed 7296K, reserved 1048576K
}
Event: 120.533 GC heap after
{Heap after GC invocations=78 (full 0):
 garbage-first heap   total 61440K, used 32230K [0x000000070a000000, 0x0000000800000000)
  region size 1024K, 1 young (1024K), 1 survivors (1024K)
 Metaspace       used 52079K, capacity 53533K, committed 53804K, reserved 1095680K
  class space    used 6662K, capacity 7228K, committed 7296K, reserved 1048576K
}
Event: 120.932 GC heap before
{Heap before GC invocations=79 (full 0):
 garbage-first heap   total 61440K, used 37350K [0x000000070a000000, 0x0000000800000000)
  region size 1024K, 7 young (7168K), 1 survivors (1024K)
 Metaspace       used 52079K, capacity 53533K, committed 53804K, reserved 1095680K
  class space    used 6662K, capacity 7228K, committed 7296K, reserved 1048576K
}
Event: 120.934 GC heap after
{Heap after GC invocations=80 (full 0):
 garbage-first heap   total 61440K, used 32227K [0x000000070a000000, 0x0000000800000000)
  region size 1024K, 1 young (1024K), 1 survivors (1024K)
 Metaspace       used 52079K, capacity 53533K, committed 53804K, reserved 1095680K
  class space    used 6662K, capacity 7228K, committed 7296K, reserved 1048576K
}
Event: 121.294 GC heap before
{Heap before GC invocations=81 (full 0):
 garbage-first heap   total 61440K, used 37347K [0x000000070a000000, 0x0000000800000000)
  region size 1024K, 7 young (7168K), 1 survivors (1024K)
 Metaspace       used 52079K, capacity 53533K, committed 53804K, reserved 1095680K
  class space    used 6662K, capacity 7228K, committed 7296K, reserved 1048576K
}
Event: 121.296 GC heap after
{Heap after GC invocations=82 (full 0):
 garbage-first heap   total 61440K, used 32229K [0x000000070a000000, 0x0000000800000000)
  region size 1024K, 1 young (1024K), 1 survivors (1024K)
 Metaspace       used 52079K, capacity 53533K, committed 53804K, reserved 1095680K
  class space    used 6662K, capacity 7228K, committed 7296K, reserved 1048576K
}
Event: 121.603 GC heap before
{Heap before GC invocations=83 (full 0):
 garbage-first heap   total 61440K, used 37349K [0x000000070a000000, 0x0000000800000000)
  region size 1024K, 7 young (7168K), 1 survivors (1024K)
 Metaspace       used 52079K, capacity 53533K, committed 53804K, reserved 1095680K
  class space    used 6662K, capacity 7228K, committed 7296K, reserved 1048576K
}
Event: 121.604 GC heap after
{Heap after GC invocations=84 (full 0):
 garbage-first heap   total 61440K, used 32229K [0x000000070a000000, 0x0000000800000000)
  region size 1024K, 1 young (1024K), 1 survivors (1024K)
 Metaspace       used 52079K, capacity 53533K, committed 53804K, reserved 1095680K
  class space    used 6662K, capacity 7228K, committed 7296K, reserved 1048576K
}
Event: 121.933 GC heap before
{Heap before GC invocations=85 (full 0):
 garbage-first heap   total 61440K, used 42469K [0x000000070a000000, 0x0000000800000000)
  region size 1024K, 12 young (12288K), 1 survivors (1024K)
 Metaspace       used 52264K, capacity 53742K, committed 54060K, reserved 1095680K
  class space    used 6682K, capacity 7233K, committed 7296K, reserved 1048576K
}
Event: 121.935 GC heap after
{Heap after GC invocations=86 (full 0):
 garbage-first heap   total 61440K, used 32669K [0x000000070a000000, 0x0000000800000000)
  region size 1024K, 2 young (2048K), 2 survivors (2048K)
 Metaspace       used 52264K, capacity 53742K, committed 54060K, reserved 1095680K
  class space    used 6682K, capacity 7233K, committed 7296K, reserved 1048576K
}

