# JRE version: Java(TM) SE Runtime Environment (14.0.1+7) (build 14.0.1+7)
# Java VM: Java HotSpot(TM) 64-Bit Server VM (14.0.1+7, mixed mode, sharing, tiered, compressed oops, g1 gc, windows-amd64)
Heap:
 garbage-first heap   total 66560K, used 40117K [0x000000070a000000, 0x0000000800000000)
  region size 1024K, 8 young (8192K), 1 survivors (1024K)
 Metaspace       used 59994K, capacity 61577K, committed 61740K, reserved 1103872K
  class space    used 7413K, capacity 8009K, committed 8064K, reserved 1048576K
GC Heap History (20 events):
Event: 224.498 GC heap before
{Heap before GC invocations=198 (full 0):
 garbage-first heap   total 66560K, used 39434K [0x000000070a000000, 0x0000000800000000)
  region size 1024K, 8 young (8192K), 1 survivors (1024K)
 Metaspace       used 57958K, capacity 59472K, committed 59692K, reserved 1101824K
  class space    used 7187K, capacity 7736K, committed 7808K, reserved 1048576K
}
Event: 224.500 GC heap after
{Heap after GC invocations=199 (full 0):
 garbage-first heap   total 66560K, used 33505K [0x000000070a000000, 0x0000000800000000)
  region size 1024K, 2 young (2048K), 2 survivors (2048K)
 Metaspace       used 57958K, capacity 59472K, committed 59692K, reserved 1101824K
  class space    used 7187K, capacity 7736K, committed 7808K, reserved 1048576K
}
Event: 224.862 GC heap before
{Heap before GC invocations=200 (full 0):
 garbage-first heap   total 66560K, used 39649K [0x000000070a000000, 0x0000000800000000)
  region size 1024K, 9 young (9216K), 2 survivors (2048K)
 Metaspace       used 57958K, capacity 59472K, committed 59692K, reserved 1101824K
  class space    used 7187K, capacity 7736K, committed 7808K, reserved 1048576K
}
Event: 224.864 GC heap after
{Heap after GC invocations=201 (full 0):
 garbage-first heap   total 66560K, used 33301K [0x000000070a000000, 0x0000000800000000)
  region size 1024K, 1 young (1024K), 1 survivors (1024K)
 Metaspace       used 57958K, capacity 59472K, committed 59692K, reserved 1101824K
  class space    used 7187K, capacity 7736K, committed 7808K, reserved 1048576K
}
Event: 225.209 GC heap before
{Heap before GC invocations=202 (full 0):
 garbage-first heap   total 66560K, used 39445K [0x000000070a000000, 0x0000000800000000)
  region size 1024K, 8 young (8192K), 1 survivors (1024K)
 Metaspace       used 57958K, capacity 59472K, committed 59692K, reserved 1101824K
  class space    used 7187K, capacity 7736K, committed 7808K, reserved 1048576K
}
Event: 225.210 GC heap after
{Heap after GC invocations=203 (full 0):
 garbage-first heap   total 66560K, used 33270K [0x000000070a000000, 0x0000000800000000)
  region size 1024K, 1 young (1024K), 1 survivors (1024K)
 Metaspace       used 57958K, capacity 59472K, committed 59692K, reserved 1101824K
  class space    used 7187K, capacity 7736K, committed 7808K, reserved 1048576K
}
Event: 225.552 GC heap before
{Heap before GC invocations=204 (full 0):
 garbage-first heap   total 66560K, used 39414K [0x000000070a000000, 0x0000000800000000)
  region size 1024K, 8 young (8192K), 1 survivors (1024K)
 Metaspace       used 57958K, capacity 59472K, committed 59692K, reserved 1101824K
  class space    used 7187K, capacity 7736K, committed 7808K, reserved 1048576K
}
Event: 225.553 GC heap after
{Heap after GC invocations=205 (full 0):
 garbage-first heap   total 66560K, used 33387K [0x000000070a000000, 0x0000000800000000)
  region size 1024K, 1 young (1024K), 1 survivors (1024K)
 Metaspace       used 57958K, capacity 59472K, committed 59692K, reserved 1101824K
  class space    used 7187K, capacity 7736K, committed 7808K, reserved 1048576K
}
Event: 225.900 GC heap before
{Heap before GC invocations=206 (full 0):
 garbage-first heap   total 66560K, used 38507K [0x000000070a000000, 0x0000000800000000)
  region size 1024K, 7 young (7168K), 1 survivors (1024K)
 Metaspace       used 57958K, capacity 59472K, committed 59692K, reserved 1101824K
  class space    used 7187K, capacity 7736K, committed 7808K, reserved 1048576K
}
Event: 225.901 GC heap after
{Heap after GC invocations=207 (full 0):
 garbage-first heap   total 66560K, used 33435K [0x000000070a000000, 0x0000000800000000)
  region size 1024K, 1 young (1024K), 1 survivors (1024K)
 Metaspace       used 57958K, capacity 59472K, committed 59692K, reserved 1101824K
  class space    used 7187K, capacity 7736K, committed 7808K, reserved 1048576K
}
Event: 226.361 GC heap before
{Heap before GC invocations=208 (full 0):
 garbage-first heap   total 66560K, used 39579K [0x000000070a000000, 0x0000000800000000)
  region size 1024K, 8 young (8192K), 1 survivors (1024K)
 Metaspace       used 57958K, capacity 59472K, committed 59692K, reserved 1101824K
  class space    used 7187K, capacity 7736K, committed 7808K, reserved 1048576K
}
Event: 226.362 GC heap after
{Heap after GC invocations=209 (full 0):
 garbage-first heap   total 66560K, used 33301K [0x000000070a000000, 0x0000000800000000)
  region size 1024K, 1 young (1024K), 1 survivors (1024K)
 Metaspace       used 57958K, capacity 59472K, committed 59692K, reserved 1101824K
  class space    used 7187K, capacity 7736K, committed 7808K, reserved 1048576K
}
Event: 226.791 GC heap before
{Heap before GC invocations=210 (full 0):
 garbage-first heap   total 66560K, used 39445K [0x000000070a000000, 0x0000000800000000)
  region size 1024K, 8 young (8192K), 1 survivors (1024K)
 Metaspace       used 57958K, capacity 59472K, committed 59692K, reserved 1101824K
  class space    used 7187K, capacity 7736K, committed 7808K, reserved 1048576K
}
Event: 226.792 GC heap after
{Heap after GC invocations=211 (full 0):
 garbage-first heap   total 66560K, used 33412K [0x000000070a000000, 0x0000000800000000)
  region size 1024K, 1 young (1024K), 1 survivors (1024K)
 Metaspace       used 57958K, capacity 59472K, committed 59692K, reserved 1101824K
  class space    used 7187K, capacity 7736K, committed 7808K, reserved 1048576K
}
Event: 227.579 GC heap before
{Heap before GC invocations=212 (full 0):
 garbage-first heap   total 66560K, used 46724K [0x000000070a000000, 0x0000000800000000)
  region size 1024K, 15 young (15360K), 1 survivors (1024K)
 Metaspace       used 58712K, capacity 60255K, committed 60460K, reserved 1101824K
  class space    used 7257K, capacity 7803K, committed 7808K, reserved 1048576K
}
Event: 227.580 GC heap after
{Heap after GC invocations=213 (full 0):
 garbage-first heap   total 66560K, used 33502K [0x000000070a000000, 0x0000000800000000)
  region size 1024K, 2 young (2048K), 2 survivors (2048K)
 Metaspace       used 58712K, capacity 60255K, committed 60460K, reserved 1101824K
  class space    used 7257K, capacity 7803K, committed 7808K, reserved 1048576K
}
Event: 227.891 GC heap before
{Heap before GC invocations=214 (full 0):
 garbage-first heap   total 66560K, used 39646K [0x000000070a000000, 0x0000000800000000)
  region size 1024K, 9 young (9216K), 2 survivors (2048K)
 Metaspace       used 58712K, capacity 60255K, committed 60460K, reserved 1101824K
  class space    used 7257K, capacity 7803K, committed 7808K, reserved 1048576K
}
Event: 227.893 GC heap after
{Heap after GC invocations=215 (full 0):
 garbage-first heap   total 66560K, used 33507K [0x000000070a000000, 0x0000000800000000)
  region size 1024K, 2 young (2048K), 2 survivors (2048K)
 Metaspace       used 58712K, capacity 60255K, committed 60460K, reserved 1101824K
  class space    used 7257K, capacity 7803K, committed 7808K, reserved 1048576K
}
Event: 243.196 GC heap before
{Heap before GC invocations=216 (full 0):
 garbage-first heap   total 66560K, used 52963K [0x000000070a000000, 0x0000000800000000)
  region size 1024K, 22 young (22528K), 2 survivors (2048K)
 Metaspace       used 59641K, capacity 61168K, committed 61484K, reserved 1103872K
  class space    used 7369K, capacity 7937K, committed 8064K, reserved 1048576K
}
Event: 243.198 GC heap after
{Heap after GC invocations=217 (full 0):
 garbage-first heap   total 66560K, used 32949K [0x000000070a000000, 0x0000000800000000)
  region size 1024K, 1 young (1024K), 1 survivors (1024K)
 Metaspace       used 59641K, capacity 61168K, committed 61484K, reserved 1103872K
  class space    used 7369K, capacity 7937K, committed 8064K, reserved 1048576K
}

