# JRE version: Java(TM) SE Runtime Environment (14.0.1+7) (build 14.0.1+7)
# Java VM: Java HotSpot(TM) 64-Bit Server VM (14.0.1+7, mixed mode, sharing, tiered, compressed oops, g1 gc, windows-amd64)
Heap:
 garbage-first heap   total 60416K, used 37205K [0x000000070a000000, 0x0000000800000000)
  region size 1024K, 11 young (11264K), 1 survivors (1024K)
 Metaspace       used 49369K, capacity 50856K, committed 51116K, reserved 1093632K
  class space    used 6308K, capacity 6873K, committed 6912K, reserved 1048576K
GC Heap History (20 events):
Event: 31.298 GC heap before
{Heap before GC invocations=67 (full 0):
 garbage-first heap   total 56320K, used 33565K [0x000000070a000000, 0x0000000800000000)
  region size 1024K, 8 young (8192K), 1 survivors (1024K)
 Metaspace       used 48792K, capacity 50266K, committed 50604K, reserved 1093632K
  class space    used 6241K, capacity 6825K, committed 6912K, reserved 1048576K
}
Event: 31.299 GC heap after
{Heap after GC invocations=68 (full 0):
 garbage-first heap   total 56320K, used 27620K [0x000000070a000000, 0x0000000800000000)
  region size 1024K, 2 young (2048K), 2 survivors (2048K)
 Metaspace       used 48792K, capacity 50266K, committed 50604K, reserved 1093632K
  class space    used 6241K, capacity 6825K, committed 6912K, reserved 1048576K
}
Event: 31.759 GC heap before
{Heap before GC invocations=69 (full 0):
 garbage-first heap   total 56320K, used 33764K [0x000000070a000000, 0x0000000800000000)
  region size 1024K, 9 young (9216K), 2 survivors (2048K)
 Metaspace       used 48792K, capacity 50266K, committed 50604K, reserved 1093632K
  class space    used 6241K, capacity 6825K, committed 6912K, reserved 1048576K
}
Event: 31.760 GC heap after
{Heap after GC invocations=70 (full 0):
 garbage-first heap   total 56320K, used 27431K [0x000000070a000000, 0x0000000800000000)
  region size 1024K, 1 young (1024K), 1 survivors (1024K)
 Metaspace       used 48792K, capacity 50266K, committed 50604K, reserved 1093632K
  class space    used 6241K, capacity 6825K, committed 6912K, reserved 1048576K
}
Event: 32.089 GC heap before
{Heap before GC invocations=71 (full 0):
 garbage-first heap   total 56320K, used 33575K [0x000000070a000000, 0x0000000800000000)
  region size 1024K, 8 young (8192K), 1 survivors (1024K)
 Metaspace       used 48792K, capacity 50266K, committed 50604K, reserved 1093632K
  class space    used 6241K, capacity 6825K, committed 6912K, reserved 1048576K
}
Event: 32.090 GC heap after
{Heap after GC invocations=72 (full 0):
 garbage-first heap   total 56320K, used 27428K [0x000000070a000000, 0x0000000800000000)
  region size 1024K, 1 young (1024K), 1 survivors (1024K)
 Metaspace       used 48792K, capacity 50266K, committed 50604K, reserved 1093632K
  class space    used 6241K, capacity 6825K, committed 6912K, reserved 1048576K
}
Event: 32.602 GC heap before
{Heap before GC invocations=73 (full 0):
 garbage-first heap   total 56320K, used 33572K [0x000000070a000000, 0x0000000800000000)
  region size 1024K, 8 young (8192K), 1 survivors (1024K)
 Metaspace       used 48792K, capacity 50266K, committed 50604K, reserved 1093632K
  class space    used 6241K, capacity 6825K, committed 6912K, reserved 1048576K
}
Event: 32.604 GC heap after
{Heap after GC invocations=74 (full 0):
 garbage-first heap   total 56320K, used 27628K [0x000000070a000000, 0x0000000800000000)
  region size 1024K, 1 young (1024K), 1 survivors (1024K)
 Metaspace       used 48792K, capacity 50266K, committed 50604K, reserved 1093632K
  class space    used 6241K, capacity 6825K, committed 6912K, reserved 1048576K
}
Event: 32.899 GC heap before
{Heap before GC invocations=75 (full 0):
 garbage-first heap   total 56320K, used 33772K [0x000000070a000000, 0x0000000800000000)
  region size 1024K, 8 young (8192K), 1 survivors (1024K)
 Metaspace       used 48831K, capacity 50280K, committed 50604K, reserved 1093632K
  class space    used 6245K, capacity 6830K, committed 6912K, reserved 1048576K
}
Event: 32.902 GC heap after
{Heap after GC invocations=76 (full 0):
 garbage-first heap   total 56320K, used 27443K [0x000000070a000000, 0x0000000800000000)
  region size 1024K, 1 young (1024K), 1 survivors (1024K)
 Metaspace       used 48831K, capacity 50280K, committed 50604K, reserved 1093632K
  class space    used 6245K, capacity 6830K, committed 6912K, reserved 1048576K
}
Event: 33.916 GC heap before
{Heap before GC invocations=77 (full 0):
 garbage-first heap   total 56320K, used 50995K [0x000000070a000000, 0x0000000800000000)
  region size 1024K, 19 young (19456K), 1 survivors (1024K)
 Metaspace       used 48887K, capacity 50344K, committed 50604K, reserved 1093632K
  class space    used 6251K, capacity 6830K, committed 6912K, reserved 1048576K
}
Event: 33.917 GC heap after
{Heap after GC invocations=78 (full 0):
 garbage-first heap   total 56320K, used 30116K [0x000000070a000000, 0x0000000800000000)
  region size 1024K, 1 young (1024K), 1 survivors (1024K)
 Metaspace       used 48887K, capacity 50344K, committed 50604K, reserved 1093632K
  class space    used 6251K, capacity 6830K, committed 6912K, reserved 1048576K
}
Event: 33.917 GC heap before
{Heap before GC invocations=78 (full 0):
 garbage-first heap   total 56320K, used 30116K [0x000000070a000000, 0x0000000800000000)
  region size 1024K, 2 young (2048K), 1 survivors (1024K)
 Metaspace       used 48887K, capacity 50344K, committed 50604K, reserved 1093632K
  class space    used 6251K, capacity 6830K, committed 6912K, reserved 1048576K
}
Event: 33.920 GC heap after
{Heap after GC invocations=79 (full 0):
 garbage-first heap   total 56320K, used 27427K [0x000000070a000000, 0x0000000800000000)
  region size 1024K, 1 young (1024K), 1 survivors (1024K)
 Metaspace       used 48887K, capacity 50344K, committed 50604K, reserved 1093632K
  class space    used 6251K, capacity 6830K, committed 6912K, reserved 1048576K
}
Event: 34.272 GC heap before
{Heap before GC invocations=79 (full 0):
 garbage-first heap   total 56320K, used 30499K [0x000000070a000000, 0x0000000800000000)
  region size 1024K, 6 young (6144K), 1 survivors (1024K)
 Metaspace       used 48887K, capacity 50344K, committed 50604K, reserved 1093632K
  class space    used 6251K, capacity 6830K, committed 6912K, reserved 1048576K
}
Event: 34.273 GC heap after
{Heap after GC invocations=80 (full 0):
 garbage-first heap   total 56320K, used 27801K [0x000000070a000000, 0x0000000800000000)
  region size 1024K, 1 young (1024K), 1 survivors (1024K)
 Metaspace       used 48887K, capacity 50344K, committed 50604K, reserved 1093632K
  class space    used 6251K, capacity 6830K, committed 6912K, reserved 1048576K
}
Event: 34.733 GC heap before
{Heap before GC invocations=81 (full 0):
 garbage-first heap   total 56320K, used 32921K [0x000000070a000000, 0x0000000800000000)
  region size 1024K, 7 young (7168K), 1 survivors (1024K)
 Metaspace       used 48887K, capacity 50344K, committed 50604K, reserved 1093632K
  class space    used 6251K, capacity 6830K, committed 6912K, reserved 1048576K
}
Event: 34.734 GC heap after
{Heap after GC invocations=82 (full 0):
 garbage-first heap   total 56320K, used 27822K [0x000000070a000000, 0x0000000800000000)
  region size 1024K, 1 young (1024K), 1 survivors (1024K)
 Metaspace       used 48887K, capacity 50344K, committed 50604K, reserved 1093632K
  class space    used 6251K, capacity 6830K, committed 6912K, reserved 1048576K
}
Event: 35.030 GC heap before
{Heap before GC invocations=83 (full 0):
 garbage-first heap   total 56320K, used 33966K [0x000000070a000000, 0x0000000800000000)
  region size 1024K, 8 young (8192K), 1 survivors (1024K)
 Metaspace       used 48967K, capacity 50480K, committed 50604K, reserved 1093632K
  class space    used 6260K, capacity 6833K, committed 6912K, reserved 1048576K
}
Event: 35.031 GC heap after
{Heap after GC invocations=84 (full 0):
 garbage-first heap   total 56320K, used 27989K [0x000000070a000000, 0x0000000800000000)
  region size 1024K, 1 young (1024K), 1 survivors (1024K)
 Metaspace       used 48967K, capacity 50480K, committed 50604K, reserved 1093632K
  class space    used 6260K, capacity 6833K, committed 6912K, reserved 1048576K
}

