# JRE version: Java(TM) SE Runtime Environment (14.0.1+7) (build 14.0.1+7)
# Java VM: Java HotSpot(TM) 64-Bit Server VM (14.0.1+7, mixed mode, sharing, tiered, compressed oops, g1 gc, windows-amd64)
Heap:
 garbage-first heap   total 58368K, used 38022K [0x000000070a000000, 0x0000000800000000)
  region size 1024K, 12 young (12288K), 1 survivors (1024K)
 Metaspace       used 49380K, capacity 50861K, committed 51116K, reserved 1093632K
  class space    used 6310K, capacity 6874K, committed 6912K, reserved 1048576K
GC Heap History (20 events):
Event: 14.544 GC heap before
{Heap before GC invocations=36 (full 0):
 garbage-first heap   total 56320K, used 32746K [0x000000070a000000, 0x0000000800000000)
  region size 1024K, 7 young (7168K), 1 survivors (1024K)
 Metaspace       used 48804K, capacity 50271K, committed 50604K, reserved 1093632K
  class space    used 6242K, capacity 6826K, committed 6912K, reserved 1048576K
}
Event: 14.545 GC heap after
{Heap after GC invocations=37 (full 0):
 garbage-first heap   total 56320K, used 27447K [0x000000070a000000, 0x0000000800000000)
  region size 1024K, 1 young (1024K), 1 survivors (1024K)
 Metaspace       used 48804K, capacity 50271K, committed 50604K, reserved 1093632K
  class space    used 6242K, capacity 6826K, committed 6912K, reserved 1048576K
}
Event: 14.896 GC heap before
{Heap before GC invocations=38 (full 0):
 garbage-first heap   total 56320K, used 32567K [0x000000070a000000, 0x0000000800000000)
  region size 1024K, 7 young (7168K), 1 survivors (1024K)
 Metaspace       used 48815K, capacity 50274K, committed 50604K, reserved 1093632K
  class space    used 6243K, capacity 6827K, committed 6912K, reserved 1048576K
}
Event: 14.897 GC heap after
{Heap after GC invocations=39 (full 0):
 garbage-first heap   total 56320K, used 27447K [0x000000070a000000, 0x0000000800000000)
  region size 1024K, 1 young (1024K), 1 survivors (1024K)
 Metaspace       used 48815K, capacity 50274K, committed 50604K, reserved 1093632K
  class space    used 6243K, capacity 6827K, committed 6912K, reserved 1048576K
}
Event: 14.928 GC heap before
{Heap before GC invocations=40 (full 0):
 garbage-first heap   total 56320K, used 29495K [0x000000070a000000, 0x0000000800000000)
  region size 1024K, 4 young (4096K), 1 survivors (1024K)
 Metaspace       used 48821K, capacity 50274K, committed 50604K, reserved 1093632K
  class space    used 6244K, capacity 6827K, committed 6912K, reserved 1048576K
}
Event: 14.929 GC heap after
{Heap after GC invocations=41 (full 0):
 garbage-first heap   total 56320K, used 27524K [0x000000070a000000, 0x0000000800000000)
  region size 1024K, 1 young (1024K), 1 survivors (1024K)
 Metaspace       used 48821K, capacity 50274K, committed 50604K, reserved 1093632K
  class space    used 6244K, capacity 6827K, committed 6912K, reserved 1048576K
}
Event: 15.194 GC heap before
{Heap before GC invocations=42 (full 0):
 garbage-first heap   total 56320K, used 31620K [0x000000070a000000, 0x0000000800000000)
  region size 1024K, 5 young (5120K), 1 survivors (1024K)
 Metaspace       used 48892K, capacity 50349K, committed 50604K, reserved 1093632K
  class space    used 6253K, capacity 6831K, committed 6912K, reserved 1048576K
}
Event: 15.195 GC heap after
{Heap after GC invocations=43 (full 0):
 garbage-first heap   total 56320K, used 29447K [0x000000070a000000, 0x0000000800000000)
  region size 1024K, 1 young (1024K), 1 survivors (1024K)
 Metaspace       used 48892K, capacity 50349K, committed 50604K, reserved 1093632K
  class space    used 6253K, capacity 6831K, committed 6912K, reserved 1048576K
}
Event: 16.273 GC heap before
{Heap before GC invocations=44 (full 0):
 garbage-first heap   total 58368K, used 45831K [0x000000070a000000, 0x0000000800000000)
  region size 1024K, 15 young (15360K), 1 survivors (1024K)
 Metaspace       used 48892K, capacity 50349K, committed 50604K, reserved 1093632K
  class space    used 6253K, capacity 6831K, committed 6912K, reserved 1048576K
}
Event: 16.274 GC heap after
{Heap after GC invocations=45 (full 0):
 garbage-first heap   total 58368K, used 29111K [0x000000070a000000, 0x0000000800000000)
  region size 1024K, 1 young (1024K), 1 survivors (1024K)
 Metaspace       used 48892K, capacity 50349K, committed 50604K, reserved 1093632K
  class space    used 6253K, capacity 6831K, committed 6912K, reserved 1048576K
}
Event: 16.278 GC heap before
{Heap before GC invocations=45 (full 0):
 garbage-first heap   total 58368K, used 30135K [0x000000070a000000, 0x0000000800000000)
  region size 1024K, 2 young (2048K), 1 survivors (1024K)
 Metaspace       used 48892K, capacity 50349K, committed 50604K, reserved 1093632K
  class space    used 6253K, capacity 6831K, committed 6912K, reserved 1048576K
}
Event: 16.280 GC heap after
{Heap after GC invocations=46 (full 0):
 garbage-first heap   total 58368K, used 27762K [0x000000070a000000, 0x0000000800000000)
  region size 1024K, 1 young (1024K), 1 survivors (1024K)
 Metaspace       used 48892K, capacity 50349K, committed 50604K, reserved 1093632K
  class space    used 6253K, capacity 6831K, committed 6912K, reserved 1048576K
}
Event: 16.283 GC heap before
{Heap before GC invocations=46 (full 0):
 garbage-first heap   total 58368K, used 27762K [0x000000070a000000, 0x0000000800000000)
  region size 1024K, 2 young (2048K), 1 survivors (1024K)
 Metaspace       used 48892K, capacity 50349K, committed 50604K, reserved 1093632K
  class space    used 6253K, capacity 6831K, committed 6912K, reserved 1048576K
}
Event: 16.284 GC heap after
{Heap after GC invocations=47 (full 0):
 garbage-first heap   total 58368K, used 27760K [0x000000070a000000, 0x0000000800000000)
  region size 1024K, 1 young (1024K), 1 survivors (1024K)
 Metaspace       used 48892K, capacity 50349K, committed 50604K, reserved 1093632K
  class space    used 6253K, capacity 6831K, committed 6912K, reserved 1048576K
}
Event: 16.645 GC heap before
{Heap before GC invocations=48 (full 0):
 garbage-first heap   total 58368K, used 32880K [0x000000070a000000, 0x0000000800000000)
  region size 1024K, 7 young (7168K), 1 survivors (1024K)
 Metaspace       used 48892K, capacity 50349K, committed 50604K, reserved 1093632K
  class space    used 6253K, capacity 6831K, committed 6912K, reserved 1048576K
}
Event: 16.647 GC heap after
{Heap after GC invocations=49 (full 0):
 garbage-first heap   total 58368K, used 27763K [0x000000070a000000, 0x0000000800000000)
  region size 1024K, 1 young (1024K), 1 survivors (1024K)
 Metaspace       used 48892K, capacity 50349K, committed 50604K, reserved 1093632K
  class space    used 6253K, capacity 6831K, committed 6912K, reserved 1048576K
}
Event: 16.958 GC heap before
{Heap before GC invocations=50 (full 0):
 garbage-first heap   total 58368K, used 32883K [0x000000070a000000, 0x0000000800000000)
  region size 1024K, 7 young (7168K), 1 survivors (1024K)
 Metaspace       used 48892K, capacity 50349K, committed 50604K, reserved 1093632K
  class space    used 6253K, capacity 6831K, committed 6912K, reserved 1048576K
}
Event: 16.959 GC heap after
{Heap after GC invocations=51 (full 0):
 garbage-first heap   total 58368K, used 27783K [0x000000070a000000, 0x0000000800000000)
  region size 1024K, 1 young (1024K), 1 survivors (1024K)
 Metaspace       used 48892K, capacity 50349K, committed 50604K, reserved 1093632K
  class space    used 6253K, capacity 6831K, committed 6912K, reserved 1048576K
}
Event: 17.290 GC heap before
{Heap before GC invocations=52 (full 0):
 garbage-first heap   total 58368K, used 32903K [0x000000070a000000, 0x0000000800000000)
  region size 1024K, 7 young (7168K), 1 survivors (1024K)
 Metaspace       used 48892K, capacity 50349K, committed 50604K, reserved 1093632K
  class space    used 6253K, capacity 6831K, committed 6912K, reserved 1048576K
}
Event: 17.292 GC heap after
{Heap after GC invocations=53 (full 0):
 garbage-first heap   total 58368K, used 27782K [0x000000070a000000, 0x0000000800000000)
  region size 1024K, 1 young (1024K), 1 survivors (1024K)
 Metaspace       used 48892K, capacity 50349K, committed 50604K, reserved 1093632K
  class space    used 6253K, capacity 6831K, committed 6912K, reserved 1048576K
}

